============================= test session starts =============================
platform win32 -- Python 3.12.10, pytest-9.0.3, pluggy-1.6.0
rootdir: F:\Projects\SpecterAIEngr
configfile: pyproject.toml
plugins: anyio-4.13.0, Faker-40.15.0, langsmith-0.8.4, asyncio-1.3.0
asyncio: mode=Mode.STRICT, debug=False, asyncio_default_fixture_loop_scope=None, asyncio_default_test_loop_scope=function
collected 15 items

tests\test_draft_orchestrator.py .                                       [  6%]
tests\test_eval.py ......F                                               [ 53%]
tests\test_hybrid_retrieval.py ..                                        [ 66%]
tests\test_learn.py .....                                                [100%]

================================== FAILURES ===================================
_____________________ test_run_eval_writes_results_files ______________________
tests\test_eval.py:141: in test_run_eval_writes_results_files
    assert report.improvement["faithfulness_delta"] > 0.0
E   assert 0.0 > 0.0
---------------------------- Captured stderr call -----------------------------
2026-05-15T05:31:38.898348Z [info     ] llm.gemini_key_exhausted_trying_fallback error='429 You exceeded your current quota, please check your plan and billing details. For more information on this error, head to: https://ai.goo'
2026-05-15T05:31:38.917296Z [info     ] llm.gemini_key_exhausted_trying_fallback error='429 You exceeded your current quota, please check your plan and billing details. For more information on this error, head to: https://ai.goo'
2026-05-15T05:31:39.197553Z [info     ] llm.gemini_key_exhausted_trying_fallback error='429 You exceeded your current quota, please check your plan and billing details. For more information on this error, head to: https://ai.goo'
2026-05-15T05:31:39.252281Z [info     ] llm.gemini_key_exhausted_trying_fallback error='429 You exceeded your current quota, please check your plan and billing details. For more information on this error, head to: https://ai.goo'
2026-05-15T05:31:39.301564Z [info     ] llm.gemini_key_exhausted_trying_fallback error='429 You exceeded your current quota, please check your plan and billing details. For more information on this error, head to: https://ai.goo'
2026-05-15T05:31:39.987836Z [info     ] llm.gemini_key_exhausted_trying_fallback error='429 You exceeded your current quota, please check your plan and billing details. For more information on this error, head to: https://ai.goo'
2026-05-15T05:31:39.988345Z [warning  ] llm.provider_failed            attempt=1 error='429 You exceeded your current quota, please check your plan and billing details. For more information on this error, head to: https://ai.google.dev/gemini-api/docs/rate-limits. To monitor your current' provider=gemini rate_limited=True
2026-05-15T05:31:39.988345Z [warning  ] llm.provider_exhausted         provider=gemini
2026-05-15T05:31:42.294804Z [info     ] llm.gemini_key_exhausted_trying_fallback error='429 You exceeded your current quota, please check your plan and billing details. For more information on this error, head to: https://ai.goo'
2026-05-15T05:31:42.295864Z [warning  ] llm.provider_failed            attempt=1 error='429 You exceeded your current quota, please check your plan and billing details. For more information on this error, head to: https://ai.google.dev/gemini-api/docs/rate-limits. To monitor your current' provider=gemini rate_limited=True
2026-05-15T05:31:42.295864Z [warning  ] llm.provider_exhausted         provider=gemini
2026-05-15T05:31:43.877364Z [info     ] llm.gemini_key_exhausted_trying_fallback error='429 You exceeded your current quota, please check your plan and billing details. For more information on this error, head to: https://ai.goo'
2026-05-15T05:31:43.877364Z [warning  ] llm.provider_failed            attempt=1 error='429 You exceeded your current quota, please check your plan and billing details. For more information on this error, head to: https://ai.google.dev/gemini-api/docs/rate-limits. To monitor your current' provider=gemini rate_limited=True
2026-05-15T05:31:43.878382Z [warning  ] llm.provider_exhausted         provider=gemini
2026-05-15T05:31:44.781723Z [info     ] llm.gemini_key_exhausted_trying_fallback error='429 You exceeded your current quota, please check your plan and billing details. For more information on this error, head to: https://ai.goo'
2026-05-15T05:31:44.782589Z [warning  ] llm.provider_failed            attempt=1 error='429 You exceeded your current quota, please check your plan and billing details. For more information on this error, head to: https://ai.google.dev/gemini-api/docs/rate-limits. To monitor your current' provider=gemini rate_limited=True
2026-05-15T05:31:44.782589Z [warning  ] llm.provider_exhausted         provider=gemini
2026-05-15T05:31:45.984724Z [info     ] llm.gemini_key_exhausted_trying_fallback error='429 You exceeded your current quota, please check your plan and billing details. For more information on this error, head to: https://ai.goo'
2026-05-15T05:31:45.984724Z [warning  ] llm.provider_failed            attempt=1 error='429 You exceeded your current quota, please check your plan and billing details. For more information on this error, head to: https://ai.google.dev/gemini-api/docs/rate-limits. To monitor your current' provider=gemini rate_limited=True
2026-05-15T05:31:45.984724Z [warning  ] llm.provider_exhausted         provider=gemini
2026-05-15T05:31:49.925825Z [warning  ] llm.provider_failed            attempt=1 error="Client error '429 Too Many Requests' for url 'https://api.groq.com/openai/v1/chat/completions'\nFor more information check: https://developer.mozilla.org/en-US/docs/Web/HTTP/Status/429" provider=groq rate_limited=True
2026-05-15T05:31:49.928260Z [warning  ] llm.provider_exhausted         provider=groq
2026-05-15T05:31:49.928260Z [warning  ] contextual chunk generation fell back to heuristic error="All providers in chain ['gemini', 'groq'] failed; last error: Client error '429 Too Many Requests' for url 'https://api.groq.com/openai/v1/chat/completions'\nFor more information check: https://developer.mozilla.org/en-US/docs/Web/HTTP/Status/429"
2026-05-15T05:31:49.930264Z [warning  ] llm.provider_failed            attempt=1 error="Client error '429 Too Many Requests' for url 'https://api.groq.com/openai/v1/chat/completions'\nFor more information check: https://developer.mozilla.org/en-US/docs/Web/HTTP/Status/429" provider=groq rate_limited=True
2026-05-15T05:31:49.930264Z [warning  ] llm.provider_exhausted         provider=groq
2026-05-15T05:31:49.930264Z [warning  ] contextual chunk generation fell back to heuristic error="All providers in chain ['gemini', 'groq'] failed; last error: Client error '429 Too Many Requests' for url 'https://api.groq.com/openai/v1/chat/completions'\nFor more information check: https://developer.mozilla.org/en-US/docs/Web/HTTP/Status/429"
2026-05-15T05:32:12.089326Z [info     ] llm.gemini_key_exhausted_trying_fallback error='429 You exceeded your current quota, please check your plan and billing details. For more information on this error, head to: https://ai.goo'
2026-05-15T05:32:12.121741Z [info     ] llm.gemini_key_exhausted_trying_fallback error='429 You exceeded your current quota, please check your plan and billing details. For more information on this error, head to: https://ai.goo'
2026-05-15T05:32:12.171388Z [info     ] llm.gemini_key_exhausted_trying_fallback error='429 You exceeded your current quota, please check your plan and billing details. For more information on this error, head to: https://ai.goo'
2026-05-15T05:32:12.371338Z [info     ] llm.gemini_key_exhausted_trying_fallback error='429 You exceeded your current quota, please check your plan and billing details. For more information on this error, head to: https://ai.goo'
2026-05-15T05:32:12.387188Z [info     ] llm.gemini_key_exhausted_trying_fallback error='429 You exceeded your current quota, please check your plan and billing details. For more information on this error, head to: https://ai.goo'
2026-05-15T05:32:12.404226Z [info     ] llm.gemini_key_exhausted_trying_fallback error='429 You exceeded your current quota, please check your plan and billing details. For more information on this error, head to: https://ai.goo'
2026-05-15T05:32:12.416317Z [info     ] llm.gemini_key_exhausted_trying_fallback error='429 You exceeded your current quota, please check your plan and billing details. For more information on this error, head to: https://ai.goo'
2026-05-15T05:32:12.466310Z [info     ] llm.gemini_key_exhausted_trying_fallback error='429 You exceeded your current quota, please check your plan and billing details. For more information on this error, head to: https://ai.goo'
2026-05-15T05:32:13.001403Z [info     ] llm.gemini_key_exhausted_trying_fallback error='429 You exceeded your current quota, please check your plan and billing details. For more information on this error, head to: https://ai.goo'
2026-05-15T05:32:13.002402Z [warning  ] llm.provider_failed            attempt=1 error='429 You exceeded your current quota, please check your plan and billing details. For more information on this error, head to: https://ai.google.dev/gemini-api/docs/rate-limits. To monitor your current' provider=gemini rate_limited=True
2026-05-15T05:32:13.002402Z [warning  ] llm.provider_exhausted         provider=gemini
2026-05-15T05:32:14.124898Z [info     ] llm.gemini_key_exhausted_trying_fallback error='429 You exceeded your current quota, please check your plan and billing details. For more information on this error, head to: https://ai.goo'
2026-05-15T05:32:14.124898Z [warning  ] llm.provider_failed            attempt=1 error='429 You exceeded your current quota, please check your plan and billing details. For more information on this error, head to: https://ai.google.dev/gemini-api/docs/rate-limits. To monitor your current' provider=gemini rate_limited=True
2026-05-15T05:32:14.124898Z [warning  ] llm.provider_exhausted         provider=gemini
2026-05-15T05:32:15.292856Z [info     ] llm.gemini_key_exhausted_trying_fallback error='429 You exceeded your current quota, please check your plan and billing details. For more information on this error, head to: https://ai.goo'
2026-05-15T05:32:15.292856Z [warning  ] llm.provider_failed            attempt=1 error='429 You exceeded your current quota, please check your plan and billing details. For more information on this error, head to: https://ai.google.dev/gemini-api/docs/rate-limits. To monitor your current' provider=gemini rate_limited=True
2026-05-15T05:32:15.293857Z [warning  ] llm.provider_exhausted         provider=gemini
2026-05-15T05:32:16.238078Z [info     ] llm.gemini_key_exhausted_trying_fallback error='429 You exceeded your current quota, please check your plan and billing details. For more information on this error, head to: https://ai.goo'
2026-05-15T05:32:16.239080Z [warning  ] llm.provider_failed            attempt=1 error='429 You exceeded your current quota, please check your plan and billing details. For more information on this error, head to: https://ai.google.dev/gemini-api/docs/rate-limits. To monitor your current' provider=gemini rate_limited=True
2026-05-15T05:32:16.239080Z [warning  ] llm.provider_exhausted         provider=gemini
2026-05-15T05:32:17.322917Z [info     ] llm.gemini_key_exhausted_trying_fallback error='429 You exceeded your current quota, please check your plan and billing details. For more information on this error, head to: https://ai.goo'
2026-05-15T05:32:17.322917Z [warning  ] llm.provider_failed            attempt=1 error='429 You exceeded your current quota, please check your plan and billing details. For more information on this error, head to: https://ai.google.dev/gemini-api/docs/rate-limits. To monitor your current' provider=gemini rate_limited=True
2026-05-15T05:32:17.322917Z [warning  ] llm.provider_exhausted         provider=gemini
2026-05-15T05:32:18.313924Z [info     ] llm.gemini_key_exhausted_trying_fallback error='429 You exceeded your current quota, please check your plan and billing details. For more information on this error, head to: https://ai.goo'
2026-05-15T05:32:18.313924Z [warning  ] llm.provider_failed            attempt=1 error='429 You exceeded your current quota, please check your plan and billing details. For more information on this error, head to: https://ai.google.dev/gemini-api/docs/rate-limits. To monitor your current' provider=gemini rate_limited=True
2026-05-15T05:32:18.313924Z [warning  ] llm.provider_exhausted         provider=gemini
2026-05-15T05:32:19.421842Z [info     ] llm.gemini_key_exhausted_trying_fallback error='429 You exceeded your current quota, please check your plan and billing details. For more information on this error, head to: https://ai.goo'
2026-05-15T05:32:19.421842Z [warning  ] llm.provider_failed            attempt=1 error='429 You exceeded your current quota, please check your plan and billing details. For more information on this error, head to: https://ai.google.dev/gemini-api/docs/rate-limits. To monitor your current' provider=gemini rate_limited=True
2026-05-15T05:32:19.421842Z [warning  ] llm.provider_exhausted         provider=gemini
2026-05-15T05:32:20.437069Z [info     ] llm.gemini_key_exhausted_trying_fallback error='429 You exceeded your current quota, please check your plan and billing details. For more information on this error, head to: https://ai.goo'
2026-05-15T05:32:20.437069Z [warning  ] llm.provider_failed            attempt=1 error='429 You exceeded your current quota, please check your plan and billing details. For more information on this error, head to: https://ai.google.dev/gemini-api/docs/rate-limits. To monitor your current' provider=gemini rate_limited=True
2026-05-15T05:32:20.438071Z [warning  ] llm.provider_exhausted         provider=gemini
2026-05-15T05:32:21.603161Z [warning  ] llm.provider_failed            attempt=1 error="Client error '429 Too Many Requests' for url 'https://api.groq.com/openai/v1/chat/completions'\nFor more information check: https://developer.mozilla.org/en-US/docs/Web/HTTP/Status/429" provider=groq rate_limited=True
2026-05-15T05:32:21.604161Z [warning  ] llm.provider_exhausted         provider=groq
2026-05-15T05:32:21.604161Z [warning  ] orchestrator.gemini_section_failed error="All providers in chain ['gemini', 'groq'] failed; last error: Client error '429 Too Many Requests' for url 'https://api.groq.com/openai/v1/chat/completions'\nFor more information check: https://developer.mozilla.org/en-US/docs/Web/HTTP/Status/429" fallback=offline section=s6_requirements_schedule_b_i
2026-05-15T05:32:21.633481Z [warning  ] llm.provider_failed            attempt=1 error="Client error '429 Too Many Requests' for url 'https://api.groq.com/openai/v1/chat/completions'\nFor more information check: https://developer.mozilla.org/en-US/docs/Web/HTTP/Status/429" provider=groq rate_limited=True
2026-05-15T05:32:21.633481Z [warning  ] llm.provider_exhausted         provider=groq
2026-05-15T05:32:21.633481Z [warning  ] orchestrator.gemini_section_failed error="All providers in chain ['gemini', 'groq'] failed; last error: Client error '429 Too Many Requests' for url 'https://api.groq.com/openai/v1/chat/completions'\nFor more information check: https://developer.mozilla.org/en-US/docs/Web/HTTP/Status/429" fallback=offline section=s7_exceptions_schedule_b_ii
2026-05-15T05:32:21.651004Z [warning  ] llm.provider_failed            attempt=1 error="Client error '429 Too Many Requests' for url 'https://api.groq.com/openai/v1/chat/completions'\nFor more information check: https://developer.mozilla.org/en-US/docs/Web/HTTP/Status/429" provider=groq rate_limited=True
2026-05-15T05:32:21.651004Z [warning  ] llm.provider_exhausted         provider=groq
2026-05-15T05:32:21.651004Z [warning  ] orchestrator.gemini_section_failed error="All providers in chain ['gemini', 'groq'] failed; last error: Client error '429 Too Many Requests' for url 'https://api.groq.com/openai/v1/chat/completions'\nFor more information check: https://developer.mozilla.org/en-US/docs/Web/HTTP/Status/429" fallback=offline section=s4_open_encumbrances_and_liens
2026-05-15T05:32:21.660591Z [warning  ] llm.provider_failed            attempt=1 error="Client error '429 Too Many Requests' for url 'https://api.groq.com/openai/v1/chat/completions'\nFor more information check: https://developer.mozilla.org/en-US/docs/Web/HTTP/Status/429" provider=groq rate_limited=True
2026-05-15T05:32:21.660591Z [warning  ] llm.provider_exhausted         provider=groq
2026-05-15T05:32:21.661591Z [warning  ] orchestrator.gemini_section_failed error="All providers in chain ['gemini', 'groq'] failed; last error: Client error '429 Too Many Requests' for url 'https://api.groq.com/openai/v1/chat/completions'\nFor more information check: https://developer.mozilla.org/en-US/docs/Web/HTTP/Status/429" fallback=offline section=s1_vesting_and_estate
2026-05-15T05:32:21.669944Z [warning  ] llm.provider_failed            attempt=1 error="Client error '429 Too Many Requests' for url 'https://api.groq.com/openai/v1/chat/completions'\nFor more information check: https://developer.mozilla.org/en-US/docs/Web/HTTP/Status/429" provider=groq rate_limited=True
2026-05-15T05:32:21.670454Z [warning  ] llm.provider_exhausted         provider=groq
2026-05-15T05:32:21.670454Z [warning  ] orchestrator.gemini_section_failed error="All providers in chain ['gemini', 'groq'] failed; last error: Client error '429 Too Many Requests' for url 'https://api.groq.com/openai/v1/chat/completions'\nFor more information check: https://developer.mozilla.org/en-US/docs/Web/HTTP/Status/429" fallback=offline section=s2_legal_description
2026-05-15T05:32:21.675641Z [warning  ] llm.provider_failed            attempt=1 error="Client error '429 Too Many Requests' for url 'https://api.groq.com/openai/v1/chat/completions'\nFor more information check: https://developer.mozilla.org/en-US/docs/Web/HTTP/Status/429" provider=groq rate_limited=True
2026-05-15T05:32:21.676563Z [warning  ] llm.provider_exhausted         provider=groq
2026-05-15T05:32:21.676563Z [warning  ] orchestrator.gemini_section_failed error="All providers in chain ['gemini', 'groq'] failed; last error: Client error '429 Too Many Requests' for url 'https://api.groq.com/openai/v1/chat/completions'\nFor more information check: https://developer.mozilla.org/en-US/docs/Web/HTTP/Status/429" fallback=offline section=s8_taxes_and_survey_matters
2026-05-15T05:32:21.683769Z [warning  ] llm.provider_failed            attempt=1 error="Client error '429 Too Many Requests' for url 'https://api.groq.com/openai/v1/chat/completions'\nFor more information check: https://developer.mozilla.org/en-US/docs/Web/HTTP/Status/429" provider=groq rate_limited=True
2026-05-15T05:32:21.683769Z [warning  ] llm.provider_exhausted         provider=groq
2026-05-15T05:32:21.683769Z [warning  ] orchestrator.gemini_section_failed error="All providers in chain ['gemini', 'groq'] failed; last error: Client error '429 Too Many Requests' for url 'https://api.groq.com/openai/v1/chat/completions'\nFor more information check: https://developer.mozilla.org/en-US/docs/Web/HTTP/Status/429" fallback=offline section=s3_chain_of_title
2026-05-15T05:32:22.905731Z [info     ] draft.section_provider_used    model=llama-3.3-70b-versatile provider=groq section=s5_easements_and_restrictions
2026-05-15T05:32:26.620414Z [info     ] llm.gemini_key_exhausted_trying_fallback error='429 You exceeded your current quota, please check your plan and billing details. For more information on this error, head to: https://ai.goo'
2026-05-15T05:32:26.640746Z [info     ] llm.gemini_key_exhausted_trying_fallback error='429 You exceeded your current quota, please check your plan and billing details. For more information on this error, head to: https://ai.goo'
2026-05-15T05:32:26.973720Z [info     ] llm.gemini_key_exhausted_trying_fallback error='429 You exceeded your current quota, please check your plan and billing details. For more information on this error, head to: https://ai.goo'
2026-05-15T05:32:27.288633Z [info     ] llm.gemini_key_exhausted_trying_fallback error='429 You exceeded your current quota, please check your plan and billing details. For more information on this error, head to: https://ai.goo'
2026-05-15T05:32:27.288633Z [warning  ] llm.provider_failed            attempt=1 error='429 You exceeded your current quota, please check your plan and billing details. For more information on this error, head to: https://ai.google.dev/gemini-api/docs/rate-limits. To monitor your current' provider=gemini rate_limited=True
2026-05-15T05:32:27.288633Z [warning  ] llm.provider_exhausted         provider=gemini
2026-05-15T05:32:28.174680Z [info     ] llm.gemini_key_exhausted_trying_fallback error='429 You exceeded your current quota, please check your plan and billing details. For more information on this error, head to: https://ai.goo'
2026-05-15T05:32:28.174680Z [warning  ] llm.provider_failed            attempt=1 error='429 You exceeded your current quota, please check your plan and billing details. For more information on this error, head to: https://ai.google.dev/gemini-api/docs/rate-limits. To monitor your current' provider=gemini rate_limited=True
2026-05-15T05:32:28.174680Z [warning  ] llm.provider_exhausted         provider=gemini
2026-05-15T05:32:28.995413Z [info     ] llm.gemini_key_exhausted_trying_fallback error='429 You exceeded your current quota, please check your plan and billing details. For more information on this error, head to: https://ai.goo'
2026-05-15T05:32:28.996410Z [warning  ] llm.provider_failed            attempt=1 error='429 You exceeded your current quota, please check your plan and billing details. For more information on this error, head to: https://ai.google.dev/gemini-api/docs/rate-limits. To monitor your current' provider=gemini rate_limited=True
2026-05-15T05:32:28.996410Z [warning  ] llm.provider_exhausted         provider=gemini
2026-05-15T05:32:30.143817Z [warning  ] llm.provider_failed            attempt=1 error="Client error '429 Too Many Requests' for url 'https://api.groq.com/openai/v1/chat/completions'\nFor more information check: https://developer.mozilla.org/en-US/docs/Web/HTTP/Status/429" provider=groq rate_limited=True
2026-05-15T05:32:30.143817Z [warning  ] llm.provider_exhausted         provider=groq
2026-05-15T05:32:30.143817Z [warning  ] contextual chunk generation fell back to heuristic error="All providers in chain ['gemini', 'groq'] failed; last error: Client error '429 Too Many Requests' for url 'https://api.groq.com/openai/v1/chat/completions'\nFor more information check: https://developer.mozilla.org/en-US/docs/Web/HTTP/Status/429"
2026-05-15T05:32:30.158452Z [warning  ] llm.provider_failed            attempt=1 error="Client error '429 Too Many Requests' for url 'https://api.groq.com/openai/v1/chat/completions'\nFor more information check: https://developer.mozilla.org/en-US/docs/Web/HTTP/Status/429" provider=groq rate_limited=True
2026-05-15T05:32:30.159544Z [warning  ] llm.provider_exhausted         provider=groq
2026-05-15T05:32:30.159544Z [warning  ] contextual chunk generation fell back to heuristic error="All providers in chain ['gemini', 'groq'] failed; last error: Client error '429 Too Many Requests' for url 'https://api.groq.com/openai/v1/chat/completions'\nFor more information check: https://developer.mozilla.org/en-US/docs/Web/HTTP/Status/429"
2026-05-15T05:32:48.614914Z [info     ] llm.gemini_key_exhausted_trying_fallback error='429 You exceeded your current quota, please check your plan and billing details. For more information on this error, head to: https://ai.goo'
2026-05-15T05:32:48.880977Z [info     ] llm.gemini_key_exhausted_trying_fallback error='429 You exceeded your current quota, please check your plan and billing details. For more information on this error, head to: https://ai.goo'
2026-05-15T05:32:48.921889Z [info     ] llm.gemini_key_exhausted_trying_fallback error='429 You exceeded your current quota, please check your plan and billing details. For more information on this error, head to: https://ai.goo'
2026-05-15T05:32:48.926989Z [info     ] llm.gemini_key_exhausted_trying_fallback error='429 You exceeded your current quota, please check your plan and billing details. For more information on this error, head to: https://ai.goo'
2026-05-15T05:32:48.956864Z [info     ] llm.gemini_key_exhausted_trying_fallback error='429 You exceeded your current quota, please check your plan and billing details. For more information on this error, head to: https://ai.goo'
2026-05-15T05:32:48.956864Z [info     ] llm.gemini_key_exhausted_trying_fallback error='429 You exceeded your current quota, please check your plan and billing details. For more information on this error, head to: https://ai.goo'
2026-05-15T05:32:48.971806Z [info     ] llm.gemini_key_exhausted_trying_fallback error='429 You exceeded your current quota, please check your plan and billing details. For more information on this error, head to: https://ai.goo'
2026-05-15T05:32:48.987458Z [info     ] llm.gemini_key_exhausted_trying_fallback error='429 You exceeded your current quota, please check your plan and billing details. For more information on this error, head to: https://ai.goo'
2026-05-15T05:32:49.333530Z [info     ] llm.gemini_key_exhausted_trying_fallback error='429 You exceeded your current quota, please check your plan and billing details. For more information on this error, head to: https://ai.goo'
2026-05-15T05:32:49.333530Z [warning  ] llm.provider_failed            attempt=1 error='429 You exceeded your current quota, please check your plan and billing details. For more information on this error, head to: https://ai.google.dev/gemini-api/docs/rate-limits. To monitor your current' provider=gemini rate_limited=True
2026-05-15T05:32:49.333530Z [warning  ] llm.provider_exhausted         provider=gemini
2026-05-15T05:32:49.860239Z [info     ] llm.gemini_key_exhausted_trying_fallback error='429 You exceeded your current quota, please check your plan and billing details. For more information on this error, head to: https://ai.goo'
2026-05-15T05:32:49.860239Z [warning  ] llm.provider_failed            attempt=1 error='429 You exceeded your current quota, please check your plan and billing details. For more information on this error, head to: https://ai.google.dev/gemini-api/docs/rate-limits. To monitor your current' provider=gemini rate_limited=True
2026-05-15T05:32:49.860239Z [warning  ] llm.provider_exhausted         provider=gemini
2026-05-15T05:32:50.401115Z [info     ] llm.gemini_key_exhausted_trying_fallback error='429 You exceeded your current quota, please check your plan and billing details. For more information on this error, head to: https://ai.goo'
2026-05-15T05:32:50.401115Z [warning  ] llm.provider_failed            attempt=1 error='429 You exceeded your current quota, please check your plan and billing details. For more information on this error, head to: https://ai.google.dev/gemini-api/docs/rate-limits. To monitor your current' provider=gemini rate_limited=True
2026-05-15T05:32:50.401115Z [warning  ] llm.provider_exhausted         provider=gemini
2026-05-15T05:32:50.947431Z [info     ] llm.gemini_key_exhausted_trying_fallback error='429 You exceeded your current quota, please check your plan and billing details. For more information on this error, head to: https://ai.goo'
2026-05-15T05:32:50.947431Z [warning  ] llm.provider_failed            attempt=1 error='429 You exceeded your current quota, please check your plan and billing details. For more information on this error, head to: https://ai.google.dev/gemini-api/docs/rate-limits. To monitor your current' provider=gemini rate_limited=True
2026-05-15T05:32:50.947431Z [warning  ] llm.provider_exhausted         provider=gemini
2026-05-15T05:32:51.580741Z [info     ] llm.gemini_key_exhausted_trying_fallback error='429 You exceeded your current quota, please check your plan and billing details. For more information on this error, head to: https://ai.goo'
2026-05-15T05:32:51.580741Z [warning  ] llm.provider_failed            attempt=1 error='429 You exceeded your current quota, please check your plan and billing details. For more information on this error, head to: https://ai.google.dev/gemini-api/docs/rate-limits. To monitor your current' provider=gemini rate_limited=True
2026-05-15T05:32:51.580741Z [warning  ] llm.provider_exhausted         provider=gemini
2026-05-15T05:32:52.462359Z [info     ] llm.gemini_key_exhausted_trying_fallback error='429 You exceeded your current quota, please check your plan and billing details. For more information on this error, head to: https://ai.goo'
2026-05-15T05:32:52.463359Z [warning  ] llm.provider_failed            attempt=1 error='429 You exceeded your current quota, please check your plan and billing details. For more information on this error, head to: https://ai.google.dev/gemini-api/docs/rate-limits. To monitor your current' provider=gemini rate_limited=True
2026-05-15T05:32:52.463359Z [warning  ] llm.provider_exhausted         provider=gemini
2026-05-15T05:32:53.556537Z [info     ] llm.gemini_key_exhausted_trying_fallback error='429 You exceeded your current quota, please check your plan and billing details. For more information on this error, head to: https://ai.goo'
2026-05-15T05:32:53.556537Z [warning  ] llm.provider_failed            attempt=1 error='429 You exceeded your current quota, please check your plan and billing details. For more information on this error, head to: https://ai.google.dev/gemini-api/docs/rate-limits. To monitor your current' provider=gemini rate_limited=True
2026-05-15T05:32:53.556537Z [warning  ] llm.provider_exhausted         provider=gemini
2026-05-15T05:32:54.526576Z [info     ] llm.gemini_key_exhausted_trying_fallback error='429 You exceeded your current quota, please check your plan and billing details. For more information on this error, head to: https://ai.goo'
2026-05-15T05:32:54.527577Z [warning  ] llm.provider_failed            attempt=1 error='429 You exceeded your current quota, please check your plan and billing details. For more information on this error, head to: https://ai.google.dev/gemini-api/docs/rate-limits. To monitor your current' provider=gemini rate_limited=True
2026-05-15T05:32:54.527577Z [warning  ] llm.provider_exhausted         provider=gemini
2026-05-15T05:32:55.918198Z [warning  ] llm.provider_failed            attempt=1 error="Client error '429 Too Many Requests' for url 'https://api.groq.com/openai/v1/chat/completions'\nFor more information check: https://developer.mozilla.org/en-US/docs/Web/HTTP/Status/429" provider=groq rate_limited=True
2026-05-15T05:32:55.919210Z [warning  ] llm.provider_exhausted         provider=groq
2026-05-15T05:32:55.920549Z [warning  ] orchestrator.gemini_section_failed error="All providers in chain ['gemini', 'groq'] failed; last error: Client error '429 Too Many Requests' for url 'https://api.groq.com/openai/v1/chat/completions'\nFor more information check: https://developer.mozilla.org/en-US/docs/Web/HTTP/Status/429" fallback=offline section=s5_easements_and_restrictions
2026-05-15T05:32:55.937893Z [warning  ] llm.provider_failed            attempt=1 error="Client error '429 Too Many Requests' for url 'https://api.groq.com/openai/v1/chat/completions'\nFor more information check: https://developer.mozilla.org/en-US/docs/Web/HTTP/Status/429" provider=groq rate_limited=True
2026-05-15T05:32:55.937893Z [warning  ] llm.provider_exhausted         provider=groq
2026-05-15T05:32:55.937893Z [warning  ] orchestrator.gemini_section_failed error="All providers in chain ['gemini', 'groq'] failed; last error: Client error '429 Too Many Requests' for url 'https://api.groq.com/openai/v1/chat/completions'\nFor more information check: https://developer.mozilla.org/en-US/docs/Web/HTTP/Status/429" fallback=offline section=s2_legal_description
2026-05-15T05:32:55.950503Z [warning  ] llm.provider_failed            attempt=1 error="Client error '429 Too Many Requests' for url 'https://api.groq.com/openai/v1/chat/completions'\nFor more information check: https://developer.mozilla.org/en-US/docs/Web/HTTP/Status/429" provider=groq rate_limited=True
2026-05-15T05:32:55.950503Z [warning  ] llm.provider_exhausted         provider=groq
2026-05-15T05:32:55.950503Z [warning  ] orchestrator.gemini_section_failed error="All providers in chain ['gemini', 'groq'] failed; last error: Client error '429 Too Many Requests' for url 'https://api.groq.com/openai/v1/chat/completions'\nFor more information check: https://developer.mozilla.org/en-US/docs/Web/HTTP/Status/429" fallback=offline section=s1_vesting_and_estate
2026-05-15T05:32:55.967561Z [warning  ] llm.provider_failed            attempt=1 error="Client error '429 Too Many Requests' for url 'https://api.groq.com/openai/v1/chat/completions'\nFor more information check: https://developer.mozilla.org/en-US/docs/Web/HTTP/Status/429" provider=groq rate_limited=True
2026-05-15T05:32:55.967561Z [warning  ] llm.provider_exhausted         provider=groq
2026-05-15T05:32:55.967561Z [warning  ] orchestrator.gemini_section_failed error="All providers in chain ['gemini', 'groq'] failed; last error: Client error '429 Too Many Requests' for url 'https://api.groq.com/openai/v1/chat/completions'\nFor more information check: https://developer.mozilla.org/en-US/docs/Web/HTTP/Status/429" fallback=offline section=s8_taxes_and_survey_matters
2026-05-15T05:32:55.997737Z [warning  ] llm.provider_failed            attempt=1 error="Client error '429 Too Many Requests' for url 'https://api.groq.com/openai/v1/chat/completions'\nFor more information check: https://developer.mozilla.org/en-US/docs/Web/HTTP/Status/429" provider=groq rate_limited=True
2026-05-15T05:32:55.998997Z [warning  ] llm.provider_exhausted         provider=groq
2026-05-15T05:32:55.998997Z [warning  ] orchestrator.gemini_section_failed error="All providers in chain ['gemini', 'groq'] failed; last error: Client error '429 Too Many Requests' for url 'https://api.groq.com/openai/v1/chat/completions'\nFor more information check: https://developer.mozilla.org/en-US/docs/Web/HTTP/Status/429" fallback=offline section=s7_exceptions_schedule_b_ii
2026-05-15T05:32:56.304127Z [warning  ] llm.provider_failed            attempt=1 error="Client error '429 Too Many Requests' for url 'https://api.groq.com/openai/v1/chat/completions'\nFor more information check: https://developer.mozilla.org/en-US/docs/Web/HTTP/Status/429" provider=groq rate_limited=True
2026-05-15T05:32:56.306136Z [warning  ] llm.provider_exhausted         provider=groq
2026-05-15T05:32:56.306136Z [warning  ] orchestrator.gemini_section_failed error="All providers in chain ['gemini', 'groq'] failed; last error: Client error '429 Too Many Requests' for url 'https://api.groq.com/openai/v1/chat/completions'\nFor more information check: https://developer.mozilla.org/en-US/docs/Web/HTTP/Status/429" fallback=offline section=s3_chain_of_title
2026-05-15T05:32:56.429302Z [info     ] draft.section_provider_used    model=llama-3.3-70b-versatile provider=groq section=s4_open_encumbrances_and_liens
2026-05-15T05:32:56.704218Z [info     ] draft.section_provider_used    model=llama-3.3-70b-versatile provider=groq section=s6_requirements_schedule_b_i
2026-05-15T05:32:59.953448Z [info     ] llm.gemini_key_exhausted_trying_fallback error='429 You exceeded your current quota, please check your plan and billing details. For more information on this error, head to: https://ai.goo'
2026-05-15T05:33:01.315938Z [info     ] llm.gemini_key_exhausted_trying_fallback error='429 You exceeded your current quota, please check your plan and billing details. For more information on this error, head to: https://ai.goo'
2026-05-15T05:33:01.316932Z [warning  ] llm.provider_failed            attempt=1 error='429 You exceeded your current quota, please check your plan and billing details. For more information on this error, head to: https://ai.google.dev/gemini-api/docs/rate-limits. To monitor your current' provider=gemini rate_limited=True
2026-05-15T05:33:01.316932Z [warning  ] llm.provider_exhausted         provider=gemini
2026-05-15T05:33:21.872228Z [info     ] llm.gemini_key_exhausted_trying_fallback error='429 You exceeded your current quota, please check your plan and billing details. For more information on this error, head to: https://ai.goo'
2026-05-15T05:33:21.873226Z [info     ] llm.gemini_key_exhausted_trying_fallback error='429 You exceeded your current quota, please check your plan and billing details. For more information on this error, head to: https://ai.goo'
2026-05-15T05:33:21.880326Z [info     ] llm.gemini_key_exhausted_trying_fallback error='429 You exceeded your current quota, please check your plan and billing details. For more information on this error, head to: https://ai.goo'
2026-05-15T05:33:21.884327Z [info     ] llm.gemini_key_exhausted_trying_fallback error='429 You exceeded your current quota, please check your plan and billing details. For more information on this error, head to: https://ai.goo'
2026-05-15T05:33:21.888581Z [info     ] llm.gemini_key_exhausted_trying_fallback error='429 You exceeded your current quota, please check your plan and billing details. For more information on this error, head to: https://ai.goo'
2026-05-15T05:33:21.893581Z [info     ] llm.gemini_key_exhausted_trying_fallback error='429 You exceeded your current quota, please check your plan and billing details. For more information on this error, head to: https://ai.goo'
2026-05-15T05:33:21.896583Z [info     ] llm.gemini_key_exhausted_trying_fallback error='429 You exceeded your current quota, please check your plan and billing details. For more information on this error, head to: https://ai.goo'
2026-05-15T05:33:21.927995Z [info     ] llm.gemini_key_exhausted_trying_fallback error='429 You exceeded your current quota, please check your plan and billing details. For more information on this error, head to: https://ai.goo'
2026-05-15T05:33:22.525055Z [info     ] llm.gemini_key_exhausted_trying_fallback error='429 You exceeded your current quota, please check your plan and billing details. For more information on this error, head to: https://ai.goo'
2026-05-15T05:33:22.526055Z [warning  ] llm.provider_failed            attempt=1 error='429 You exceeded your current quota, please check your plan and billing details. For more information on this error, head to: https://ai.google.dev/gemini-api/docs/rate-limits. To monitor your current' provider=gemini rate_limited=True
2026-05-15T05:33:22.526055Z [warning  ] llm.provider_exhausted         provider=gemini
2026-05-15T05:33:23.305544Z [info     ] llm.gemini_key_exhausted_trying_fallback error='429 You exceeded your current quota, please check your plan and billing details. For more information on this error, head to: https://ai.goo'
2026-05-15T05:33:23.305544Z [warning  ] llm.provider_failed            attempt=1 error='429 You exceeded your current quota, please check your plan and billing details. For more information on this error, head to: https://ai.google.dev/gemini-api/docs/rate-limits. To monitor your current' provider=gemini rate_limited=True
2026-05-15T05:33:23.306539Z [warning  ] llm.provider_exhausted         provider=gemini
2026-05-15T05:33:24.165563Z [info     ] llm.gemini_key_exhausted_trying_fallback error='429 You exceeded your current quota, please check your plan and billing details. For more information on this error, head to: https://ai.goo'
2026-05-15T05:33:24.166568Z [warning  ] llm.provider_failed            attempt=1 error='429 You exceeded your current quota, please check your plan and billing details. For more information on this error, head to: https://ai.google.dev/gemini-api/docs/rate-limits. To monitor your current' provider=gemini rate_limited=True
2026-05-15T05:33:24.166899Z [warning  ] llm.provider_exhausted         provider=gemini
2026-05-15T05:33:25.224535Z [info     ] llm.gemini_key_exhausted_trying_fallback error='429 You exceeded your current quota, please check your plan and billing details. For more information on this error, head to: https://ai.goo'
2026-05-15T05:33:25.224535Z [warning  ] llm.provider_failed            attempt=1 error='429 You exceeded your current quota, please check your plan and billing details. For more information on this error, head to: https://ai.google.dev/gemini-api/docs/rate-limits. To monitor your current' provider=gemini rate_limited=True
2026-05-15T05:33:25.224535Z [warning  ] llm.provider_exhausted         provider=gemini
2026-05-15T05:33:26.189715Z [info     ] llm.gemini_key_exhausted_trying_fallback error='429 You exceeded your current quota, please check your plan and billing details. For more information on this error, head to: https://ai.goo'
2026-05-15T05:33:26.190730Z [warning  ] llm.provider_failed            attempt=1 error='429 You exceeded your current quota, please check your plan and billing details. For more information on this error, head to: https://ai.google.dev/gemini-api/docs/rate-limits. To monitor your current' provider=gemini rate_limited=True
2026-05-15T05:33:26.190730Z [warning  ] llm.provider_exhausted         provider=gemini
2026-05-15T05:33:27.162864Z [info     ] llm.gemini_key_exhausted_trying_fallback error='429 You exceeded your current quota, please check your plan and billing details. For more information on this error, head to: https://ai.goo'
2026-05-15T05:33:27.163866Z [warning  ] llm.provider_failed            attempt=1 error='429 You exceeded your current quota, please check your plan and billing details. For more information on this error, head to: https://ai.google.dev/gemini-api/docs/rate-limits. To monitor your current' provider=gemini rate_limited=True
2026-05-15T05:33:27.163866Z [warning  ] llm.provider_exhausted         provider=gemini
2026-05-15T05:33:28.502999Z [info     ] llm.gemini_key_exhausted_trying_fallback error='429 You exceeded your current quota, please check your plan and billing details. For more information on this error, head to: https://ai.goo'
2026-05-15T05:33:28.505015Z [warning  ] llm.provider_failed            attempt=1 error='429 You exceeded your current quota, please check your plan and billing details. For more information on this error, head to: https://ai.google.dev/gemini-api/docs/rate-limits. To monitor your current' provider=gemini rate_limited=True
2026-05-15T05:33:28.505015Z [warning  ] llm.provider_exhausted         provider=gemini
2026-05-15T05:33:30.634293Z [info     ] llm.gemini_key_exhausted_trying_fallback error='429 You exceeded your current quota, please check your plan and billing details. For more information on this error, head to: https://ai.goo'
2026-05-15T05:33:30.634293Z [warning  ] llm.provider_failed            attempt=1 error='429 You exceeded your current quota, please check your plan and billing details. For more information on this error, head to: https://ai.google.dev/gemini-api/docs/rate-limits. To monitor your current' provider=gemini rate_limited=True
2026-05-15T05:33:30.634293Z [warning  ] llm.provider_exhausted         provider=gemini
2026-05-15T05:33:32.386540Z [warning  ] llm.provider_failed            attempt=1 error="Client error '429 Too Many Requests' for url 'https://api.groq.com/openai/v1/chat/completions'\nFor more information check: https://developer.mozilla.org/en-US/docs/Web/HTTP/Status/429" provider=groq rate_limited=True
2026-05-15T05:33:32.388552Z [warning  ] llm.provider_exhausted         provider=groq
2026-05-15T05:33:32.388552Z [warning  ] orchestrator.gemini_section_failed error="All providers in chain ['gemini', 'groq'] failed; last error: Client error '429 Too Many Requests' for url 'https://api.groq.com/openai/v1/chat/completions'\nFor more information check: https://developer.mozilla.org/en-US/docs/Web/HTTP/Status/429" fallback=offline section=s3_chain_of_title
2026-05-15T05:33:33.107786Z [info     ] draft.section_provider_used    model=llama-3.3-70b-versatile provider=groq section=s5_easements_and_restrictions
2026-05-15T05:33:33.135439Z [info     ] draft.section_provider_used    model=llama-3.3-70b-versatile provider=groq section=s6_requirements_schedule_b_i
2026-05-15T05:33:33.145488Z [info     ] draft.section_provider_used    model=llama-3.3-70b-versatile provider=groq section=s1_vesting_and_estate
2026-05-15T05:33:33.159304Z [info     ] draft.section_provider_used    model=llama-3.3-70b-versatile provider=groq section=s2_legal_description
2026-05-15T05:33:33.185904Z [info     ] draft.section_provider_used    model=llama-3.3-70b-versatile provider=groq section=s4_open_encumbrances_and_liens
2026-05-15T05:33:33.209660Z [info     ] draft.section_provider_used    model=llama-3.3-70b-versatile provider=groq section=s7_exceptions_schedule_b_ii
2026-05-15T05:33:33.225139Z [info     ] draft.section_provider_used    model=llama-3.3-70b-versatile provider=groq section=s8_taxes_and_survey_matters
2026-05-15T05:33:43.297720Z [info     ] llm.gemini_key_exhausted_trying_fallback error='429 You exceeded your current quota, please check your plan and billing details. For more information on this error, head to: https://ai.goo'
2026-05-15T05:33:43.309780Z [info     ] llm.gemini_key_exhausted_trying_fallback error='429 You exceeded your current quota, please check your plan and billing details. For more information on this error, head to: https://ai.goo'
2026-05-15T05:33:43.373231Z [info     ] llm.gemini_key_exhausted_trying_fallback error='429 You exceeded your current quota, please check your plan and billing details. For more information on this error, head to: https://ai.goo'
2026-05-15T05:33:43.676807Z [info     ] llm.gemini_key_exhausted_trying_fallback error='429 You exceeded your current quota, please check your plan and billing details. For more information on this error, head to: https://ai.goo'
2026-05-15T05:33:43.688205Z [info     ] llm.gemini_key_exhausted_trying_fallback error='429 You exceeded your current quota, please check your plan and billing details. For more information on this error, head to: https://ai.goo'
2026-05-15T05:33:44.074763Z [info     ] llm.gemini_key_exhausted_trying_fallback error='429 You exceeded your current quota, please check your plan and billing details. For more information on this error, head to: https://ai.goo'
2026-05-15T05:33:44.076771Z [warning  ] llm.provider_failed            attempt=1 error='429 You exceeded your current quota, please check your plan and billing details. For more information on this error, head to: https://ai.google.dev/gemini-api/docs/rate-limits. To monitor your current' provider=gemini rate_limited=True
2026-05-15T05:33:44.076771Z [warning  ] llm.provider_exhausted         provider=gemini
2026-05-15T05:33:44.943352Z [info     ] llm.gemini_key_exhausted_trying_fallback error='429 You exceeded your current quota, please check your plan and billing details. For more information on this error, head to: https://ai.goo'
2026-05-15T05:33:44.943352Z [warning  ] llm.provider_failed            attempt=1 error='429 You exceeded your current quota, please check your plan and billing details. For more information on this error, head to: https://ai.google.dev/gemini-api/docs/rate-limits. To monitor your current' provider=gemini rate_limited=True
2026-05-15T05:33:44.943352Z [warning  ] llm.provider_exhausted         provider=gemini
2026-05-15T05:33:46.047728Z [info     ] llm.gemini_key_exhausted_trying_fallback error='429 You exceeded your current quota, please check your plan and billing details. For more information on this error, head to: https://ai.goo'
2026-05-15T05:33:46.048258Z [warning  ] llm.provider_failed            attempt=1 error='429 You exceeded your current quota, please check your plan and billing details. For more information on this error, head to: https://ai.google.dev/gemini-api/docs/rate-limits. To monitor your current' provider=gemini rate_limited=True
2026-05-15T05:33:46.048258Z [warning  ] llm.provider_exhausted         provider=gemini
2026-05-15T05:33:47.039571Z [info     ] llm.gemini_key_exhausted_trying_fallback error='429 You exceeded your current quota, please check your plan and billing details. For more information on this error, head to: https://ai.goo'
2026-05-15T05:33:47.039571Z [warning  ] llm.provider_failed            attempt=1 error='429 You exceeded your current quota, please check your plan and billing details. For more information on this error, head to: https://ai.google.dev/gemini-api/docs/rate-limits. To monitor your current' provider=gemini rate_limited=True
2026-05-15T05:33:47.039571Z [warning  ] llm.provider_exhausted         provider=gemini
2026-05-15T05:33:48.034813Z [info     ] llm.gemini_key_exhausted_trying_fallback error='429 You exceeded your current quota, please check your plan and billing details. For more information on this error, head to: https://ai.goo'
2026-05-15T05:33:48.034813Z [warning  ] llm.provider_failed            attempt=1 error='429 You exceeded your current quota, please check your plan and billing details. For more information on this error, head to: https://ai.google.dev/gemini-api/docs/rate-limits. To monitor your current' provider=gemini rate_limited=True
2026-05-15T05:33:48.034813Z [warning  ] llm.provider_exhausted         provider=gemini
2026-05-15T05:33:49.546186Z [warning  ] llm.provider_failed            attempt=1 error="Client error '429 Too Many Requests' for url 'https://api.groq.com/openai/v1/chat/completions'\nFor more information check: https://developer.mozilla.org/en-US/docs/Web/HTTP/Status/429" provider=groq rate_limited=True
2026-05-15T05:33:49.546186Z [warning  ] llm.provider_exhausted         provider=groq
2026-05-15T05:33:49.546186Z [warning  ] contextual chunk generation fell back to heuristic error="All providers in chain ['gemini', 'groq'] failed; last error: Client error '429 Too Many Requests' for url 'https://api.groq.com/openai/v1/chat/completions'\nFor more information check: https://developer.mozilla.org/en-US/docs/Web/HTTP/Status/429"
2026-05-15T05:33:49.581581Z [warning  ] llm.provider_failed            attempt=1 error="Client error '429 Too Many Requests' for url 'https://api.groq.com/openai/v1/chat/completions'\nFor more information check: https://developer.mozilla.org/en-US/docs/Web/HTTP/Status/429" provider=groq rate_limited=True
2026-05-15T05:33:49.581581Z [warning  ] llm.provider_exhausted         provider=groq
2026-05-15T05:33:49.583591Z [warning  ] contextual chunk generation fell back to heuristic error="All providers in chain ['gemini', 'groq'] failed; last error: Client error '429 Too Many Requests' for url 'https://api.groq.com/openai/v1/chat/completions'\nFor more information check: https://developer.mozilla.org/en-US/docs/Web/HTTP/Status/429"
2026-05-15T05:33:49.593315Z [warning  ] llm.provider_failed            attempt=1 error="Client error '429 Too Many Requests' for url 'https://api.groq.com/openai/v1/chat/completions'\nFor more information check: https://developer.mozilla.org/en-US/docs/Web/HTTP/Status/429" provider=groq rate_limited=True
2026-05-15T05:33:49.593315Z [warning  ] llm.provider_exhausted         provider=groq
2026-05-15T05:33:49.593315Z [warning  ] contextual chunk generation fell back to heuristic error="All providers in chain ['gemini', 'groq'] failed; last error: Client error '429 Too Many Requests' for url 'https://api.groq.com/openai/v1/chat/completions'\nFor more information check: https://developer.mozilla.org/en-US/docs/Web/HTTP/Status/429"
2026-05-15T05:33:49.593315Z [warning  ] llm.provider_failed            attempt=1 error="Client error '429 Too Many Requests' for url 'https://api.groq.com/openai/v1/chat/completions'\nFor more information check: https://developer.mozilla.org/en-US/docs/Web/HTTP/Status/429" provider=groq rate_limited=True
2026-05-15T05:33:49.593315Z [warning  ] llm.provider_exhausted         provider=groq
2026-05-15T05:33:49.593315Z [warning  ] contextual chunk generation fell back to heuristic error="All providers in chain ['gemini', 'groq'] failed; last error: Client error '429 Too Many Requests' for url 'https://api.groq.com/openai/v1/chat/completions'\nFor more information check: https://developer.mozilla.org/en-US/docs/Web/HTTP/Status/429"
2026-05-15T05:33:49.598490Z [warning  ] llm.provider_failed            attempt=1 error="Client error '429 Too Many Requests' for url 'https://api.groq.com/openai/v1/chat/completions'\nFor more information check: https://developer.mozilla.org/en-US/docs/Web/HTTP/Status/429" provider=groq rate_limited=True
2026-05-15T05:33:49.599080Z [warning  ] llm.provider_exhausted         provider=groq
2026-05-15T05:33:49.599080Z [warning  ] contextual chunk generation fell back to heuristic error="All providers in chain ['gemini', 'groq'] failed; last error: Client error '429 Too Many Requests' for url 'https://api.groq.com/openai/v1/chat/completions'\nFor more information check: https://developer.mozilla.org/en-US/docs/Web/HTTP/Status/429"
2026-05-15T05:34:25.840502Z [info     ] llm.gemini_key_exhausted_trying_fallback error='429 You exceeded your current quota, please check your plan and billing details. For more information on this error, head to: https://ai.goo'
2026-05-15T05:34:25.938189Z [info     ] llm.gemini_key_exhausted_trying_fallback error='429 You exceeded your current quota, please check your plan and billing details. For more information on this error, head to: https://ai.goo'
2026-05-15T05:34:25.964909Z [info     ] llm.gemini_key_exhausted_trying_fallback error='429 You exceeded your current quota, please check your plan and billing details. For more information on this error, head to: https://ai.goo'
2026-05-15T05:34:25.999495Z [info     ] llm.gemini_key_exhausted_trying_fallback error='429 You exceeded your current quota, please check your plan and billing details. For more information on this error, head to: https://ai.goo'
2026-05-15T05:34:25.999495Z [info     ] llm.gemini_key_exhausted_trying_fallback error='429 You exceeded your current quota, please check your plan and billing details. For more information on this error, head to: https://ai.goo'
2026-05-15T05:34:26.299279Z [info     ] llm.gemini_key_exhausted_trying_fallback error='429 You exceeded your current quota, please check your plan and billing details. For more information on this error, head to: https://ai.goo'
2026-05-15T05:34:26.491385Z [info     ] llm.gemini_key_exhausted_trying_fallback error='429 You exceeded your current quota, please check your plan and billing details. For more information on this error, head to: https://ai.goo'
2026-05-15T05:34:26.491385Z [info     ] llm.gemini_key_exhausted_trying_fallback error='429 You exceeded your current quota, please check your plan and billing details. For more information on this error, head to: https://ai.goo'
2026-05-15T05:34:26.647080Z [info     ] llm.gemini_key_exhausted_trying_fallback error='429 You exceeded your current quota, please check your plan and billing details. For more information on this error, head to: https://ai.goo'
2026-05-15T05:34:26.647080Z [warning  ] llm.provider_failed            attempt=1 error='429 You exceeded your current quota, please check your plan and billing details. For more information on this error, head to: https://ai.google.dev/gemini-api/docs/rate-limits. To monitor your current' provider=gemini rate_limited=True
2026-05-15T05:34:26.647080Z [warning  ] llm.provider_exhausted         provider=gemini
2026-05-15T05:34:28.027522Z [info     ] llm.gemini_key_exhausted_trying_fallback error='429 You exceeded your current quota, please check your plan and billing details. For more information on this error, head to: https://ai.goo'
2026-05-15T05:34:28.027522Z [warning  ] llm.provider_failed            attempt=1 error='429 You exceeded your current quota, please check your plan and billing details. For more information on this error, head to: https://ai.google.dev/gemini-api/docs/rate-limits. To monitor your current' provider=gemini rate_limited=True
2026-05-15T05:34:28.027522Z [warning  ] llm.provider_exhausted         provider=gemini
2026-05-15T05:34:29.028132Z [info     ] llm.gemini_key_exhausted_trying_fallback error='429 You exceeded your current quota, please check your plan and billing details. For more information on this error, head to: https://ai.goo'
2026-05-15T05:34:29.028132Z [warning  ] llm.provider_failed            attempt=1 error='429 You exceeded your current quota, please check your plan and billing details. For more information on this error, head to: https://ai.google.dev/gemini-api/docs/rate-limits. To monitor your current' provider=gemini rate_limited=True
2026-05-15T05:34:29.028132Z [warning  ] llm.provider_exhausted         provider=gemini
2026-05-15T05:34:30.105518Z [info     ] llm.gemini_key_exhausted_trying_fallback error='429 You exceeded your current quota, please check your plan and billing details. For more information on this error, head to: https://ai.goo'
2026-05-15T05:34:30.105518Z [warning  ] llm.provider_failed            attempt=1 error='429 You exceeded your current quota, please check your plan and billing details. For more information on this error, head to: https://ai.google.dev/gemini-api/docs/rate-limits. To monitor your current' provider=gemini rate_limited=True
2026-05-15T05:34:30.105518Z [warning  ] llm.provider_exhausted         provider=gemini
2026-05-15T05:34:30.955454Z [info     ] llm.gemini_key_exhausted_trying_fallback error='429 You exceeded your current quota, please check your plan and billing details. For more information on this error, head to: https://ai.goo'
2026-05-15T05:34:30.955454Z [warning  ] llm.provider_failed            attempt=1 error='429 You exceeded your current quota, please check your plan and billing details. For more information on this error, head to: https://ai.google.dev/gemini-api/docs/rate-limits. To monitor your current' provider=gemini rate_limited=True
2026-05-15T05:34:30.955454Z [warning  ] llm.provider_exhausted         provider=gemini
2026-05-15T05:34:31.939501Z [info     ] llm.gemini_key_exhausted_trying_fallback error='429 You exceeded your current quota, please check your plan and billing details. For more information on this error, head to: https://ai.goo'
2026-05-15T05:34:31.939501Z [warning  ] llm.provider_failed            attempt=1 error='429 You exceeded your current quota, please check your plan and billing details. For more information on this error, head to: https://ai.google.dev/gemini-api/docs/rate-limits. To monitor your current' provider=gemini rate_limited=True
2026-05-15T05:34:31.939501Z [warning  ] llm.provider_exhausted         provider=gemini
2026-05-15T05:34:33.409189Z [info     ] llm.gemini_key_exhausted_trying_fallback error='429 You exceeded your current quota, please check your plan and billing details. For more information on this error, head to: https://ai.goo'
2026-05-15T05:34:33.412707Z [warning  ] llm.provider_failed            attempt=1 error='429 You exceeded your current quota, please check your plan and billing details. For more information on this error, head to: https://ai.google.dev/gemini-api/docs/rate-limits. To monitor your current' provider=gemini rate_limited=True
2026-05-15T05:34:33.412707Z [warning  ] llm.provider_exhausted         provider=gemini
2026-05-15T05:34:34.263613Z [info     ] llm.gemini_key_exhausted_trying_fallback error='429 You exceeded your current quota, please check your plan and billing details. For more information on this error, head to: https://ai.goo'
2026-05-15T05:34:34.263613Z [warning  ] llm.provider_failed            attempt=1 error='429 You exceeded your current quota, please check your plan and billing details. For more information on this error, head to: https://ai.google.dev/gemini-api/docs/rate-limits. To monitor your current' provider=gemini rate_limited=True
2026-05-15T05:34:34.263613Z [warning  ] llm.provider_exhausted         provider=gemini
2026-05-15T05:34:35.501403Z [warning  ] llm.provider_failed            attempt=1 error="Client error '429 Too Many Requests' for url 'https://api.groq.com/openai/v1/chat/completions'\nFor more information check: https://developer.mozilla.org/en-US/docs/Web/HTTP/Status/429" provider=groq rate_limited=True
2026-05-15T05:34:35.501403Z [warning  ] llm.provider_exhausted         provider=groq
2026-05-15T05:34:35.501403Z [warning  ] orchestrator.gemini_section_failed error="All providers in chain ['gemini', 'groq'] failed; last error: Client error '429 Too Many Requests' for url 'https://api.groq.com/openai/v1/chat/completions'\nFor more information check: https://developer.mozilla.org/en-US/docs/Web/HTTP/Status/429" fallback=offline section=s2_legal_description
2026-05-15T05:34:35.664817Z [warning  ] llm.provider_failed            attempt=1 error="Client error '429 Too Many Requests' for url 'https://api.groq.com/openai/v1/chat/completions'\nFor more information check: https://developer.mozilla.org/en-US/docs/Web/HTTP/Status/429" provider=groq rate_limited=True
2026-05-15T05:34:35.666154Z [warning  ] llm.provider_exhausted         provider=groq
2026-05-15T05:34:35.666663Z [warning  ] orchestrator.gemini_section_failed error="All providers in chain ['gemini', 'groq'] failed; last error: Client error '429 Too Many Requests' for url 'https://api.groq.com/openai/v1/chat/completions'\nFor more information check: https://developer.mozilla.org/en-US/docs/Web/HTTP/Status/429" fallback=offline section=s4_open_encumbrances_and_liens
2026-05-15T05:34:35.680377Z [warning  ] llm.provider_failed            attempt=1 error="Client error '429 Too Many Requests' for url 'https://api.groq.com/openai/v1/chat/completions'\nFor more information check: https://developer.mozilla.org/en-US/docs/Web/HTTP/Status/429" provider=groq rate_limited=True
2026-05-15T05:34:35.680377Z [warning  ] llm.provider_exhausted         provider=groq
2026-05-15T05:34:35.680377Z [warning  ] orchestrator.gemini_section_failed error="All providers in chain ['gemini', 'groq'] failed; last error: Client error '429 Too Many Requests' for url 'https://api.groq.com/openai/v1/chat/completions'\nFor more information check: https://developer.mozilla.org/en-US/docs/Web/HTTP/Status/429" fallback=offline section=s7_exceptions_schedule_b_ii
2026-05-15T05:34:35.716769Z [warning  ] llm.provider_failed            attempt=1 error="Client error '429 Too Many Requests' for url 'https://api.groq.com/openai/v1/chat/completions'\nFor more information check: https://developer.mozilla.org/en-US/docs/Web/HTTP/Status/429" provider=groq rate_limited=True
2026-05-15T05:34:35.718801Z [warning  ] llm.provider_exhausted         provider=groq
2026-05-15T05:34:35.718801Z [warning  ] orchestrator.gemini_section_failed error="All providers in chain ['gemini', 'groq'] failed; last error: Client error '429 Too Many Requests' for url 'https://api.groq.com/openai/v1/chat/completions'\nFor more information check: https://developer.mozilla.org/en-US/docs/Web/HTTP/Status/429" fallback=offline section=s5_easements_and_restrictions
2026-05-15T05:34:35.722836Z [warning  ] llm.provider_failed            attempt=1 error="Client error '429 Too Many Requests' for url 'https://api.groq.com/openai/v1/chat/completions'\nFor more information check: https://developer.mozilla.org/en-US/docs/Web/HTTP/Status/429" provider=groq rate_limited=True
2026-05-15T05:34:35.724849Z [warning  ] llm.provider_exhausted         provider=groq
2026-05-15T05:34:35.724849Z [warning  ] orchestrator.gemini_section_failed error="All providers in chain ['gemini', 'groq'] failed; last error: Client error '429 Too Many Requests' for url 'https://api.groq.com/openai/v1/chat/completions'\nFor more information check: https://developer.mozilla.org/en-US/docs/Web/HTTP/Status/429" fallback=offline section=s3_chain_of_title
2026-05-15T05:34:35.726863Z [warning  ] llm.provider_failed            attempt=1 error="Client error '429 Too Many Requests' for url 'https://api.groq.com/openai/v1/chat/completions'\nFor more information check: https://developer.mozilla.org/en-US/docs/Web/HTTP/Status/429" provider=groq rate_limited=True
2026-05-15T05:34:35.726863Z [warning  ] llm.provider_exhausted         provider=groq
2026-05-15T05:34:35.726863Z [warning  ] orchestrator.gemini_section_failed error="All providers in chain ['gemini', 'groq'] failed; last error: Client error '429 Too Many Requests' for url 'https://api.groq.com/openai/v1/chat/completions'\nFor more information check: https://developer.mozilla.org/en-US/docs/Web/HTTP/Status/429" fallback=offline section=s6_requirements_schedule_b_i
2026-05-15T05:34:35.730631Z [warning  ] llm.provider_failed            attempt=1 error="Client error '429 Too Many Requests' for url 'https://api.groq.com/openai/v1/chat/completions'\nFor more information check: https://developer.mozilla.org/en-US/docs/Web/HTTP/Status/429" provider=groq rate_limited=True
2026-05-15T05:34:35.730631Z [warning  ] llm.provider_exhausted         provider=groq
2026-05-15T05:34:35.730631Z [warning  ] orchestrator.gemini_section_failed error="All providers in chain ['gemini', 'groq'] failed; last error: Client error '429 Too Many Requests' for url 'https://api.groq.com/openai/v1/chat/completions'\nFor more information check: https://developer.mozilla.org/en-US/docs/Web/HTTP/Status/429" fallback=offline section=s1_vesting_and_estate
2026-05-15T05:34:35.732641Z [warning  ] llm.provider_failed            attempt=1 error="Client error '429 Too Many Requests' for url 'https://api.groq.com/openai/v1/chat/completions'\nFor more information check: https://developer.mozilla.org/en-US/docs/Web/HTTP/Status/429" provider=groq rate_limited=True
2026-05-15T05:34:35.732641Z [warning  ] llm.provider_exhausted         provider=groq
2026-05-15T05:34:35.732641Z [warning  ] orchestrator.gemini_section_failed error="All providers in chain ['gemini', 'groq'] failed; last error: Client error '429 Too Many Requests' for url 'https://api.groq.com/openai/v1/chat/completions'\nFor more information check: https://developer.mozilla.org/en-US/docs/Web/HTTP/Status/429" fallback=offline section=s8_taxes_and_survey_matters
2026-05-15T05:34:41.089879Z [info     ] llm.gemini_key_exhausted_trying_fallback error='429 You exceeded your current quota, please check your plan and billing details. For more information on this error, head to: https://ai.goo'
2026-05-15T05:34:41.456397Z [info     ] llm.gemini_key_exhausted_trying_fallback error='429 You exceeded your current quota, please check your plan and billing details. For more information on this error, head to: https://ai.goo'
2026-05-15T05:34:41.464403Z [info     ] llm.gemini_key_exhausted_trying_fallback error='429 You exceeded your current quota, please check your plan and billing details. For more information on this error, head to: https://ai.goo'
2026-05-15T05:34:41.739551Z [info     ] llm.gemini_key_exhausted_trying_fallback error='429 You exceeded your current quota, please check your plan and billing details. For more information on this error, head to: https://ai.goo'
2026-05-15T05:34:41.740061Z [warning  ] llm.provider_failed            attempt=1 error='429 You exceeded your current quota, please check your plan and billing details. For more information on this error, head to: https://ai.google.dev/gemini-api/docs/rate-limits. To monitor your current' provider=gemini rate_limited=True
2026-05-15T05:34:41.740061Z [warning  ] llm.provider_exhausted         provider=gemini
2026-05-15T05:34:43.005865Z [info     ] llm.gemini_key_exhausted_trying_fallback error='429 You exceeded your current quota, please check your plan and billing details. For more information on this error, head to: https://ai.goo'
2026-05-15T05:34:43.006375Z [warning  ] llm.provider_failed            attempt=1 error='429 You exceeded your current quota, please check your plan and billing details. For more information on this error, head to: https://ai.google.dev/gemini-api/docs/rate-limits. To monitor your current' provider=gemini rate_limited=True
2026-05-15T05:34:43.006375Z [warning  ] llm.provider_exhausted         provider=gemini
2026-05-15T05:34:44.260072Z [info     ] llm.gemini_key_exhausted_trying_fallback error='429 You exceeded your current quota, please check your plan and billing details. For more information on this error, head to: https://ai.goo'
2026-05-15T05:34:44.260072Z [warning  ] llm.provider_failed            attempt=1 error='429 You exceeded your current quota, please check your plan and billing details. For more information on this error, head to: https://ai.google.dev/gemini-api/docs/rate-limits. To monitor your current' provider=gemini rate_limited=True
2026-05-15T05:34:44.260072Z [warning  ] llm.provider_exhausted         provider=gemini
2026-05-15T05:34:45.991242Z [warning  ] llm.provider_failed            attempt=1 error="Client error '429 Too Many Requests' for url 'https://api.groq.com/openai/v1/chat/completions'\nFor more information check: https://developer.mozilla.org/en-US/docs/Web/HTTP/Status/429" provider=groq rate_limited=True
2026-05-15T05:34:45.991242Z [warning  ] llm.provider_exhausted         provider=groq
2026-05-15T05:34:45.991242Z [warning  ] contextual chunk generation fell back to heuristic error="All providers in chain ['gemini', 'groq'] failed; last error: Client error '429 Too Many Requests' for url 'https://api.groq.com/openai/v1/chat/completions'\nFor more information check: https://developer.mozilla.org/en-US/docs/Web/HTTP/Status/429"
2026-05-15T05:34:46.106156Z [warning  ] llm.provider_failed            attempt=1 error="Client error '429 Too Many Requests' for url 'https://api.groq.com/openai/v1/chat/completions'\nFor more information check: https://developer.mozilla.org/en-US/docs/Web/HTTP/Status/429" provider=groq rate_limited=True
2026-05-15T05:34:46.106156Z [warning  ] llm.provider_exhausted         provider=groq
2026-05-15T05:34:46.106156Z [warning  ] contextual chunk generation fell back to heuristic error="All providers in chain ['gemini', 'groq'] failed; last error: Client error '429 Too Many Requests' for url 'https://api.groq.com/openai/v1/chat/completions'\nFor more information check: https://developer.mozilla.org/en-US/docs/Web/HTTP/Status/429"
2026-05-15T05:34:46.110175Z [warning  ] llm.provider_failed            attempt=1 error="Client error '429 Too Many Requests' for url 'https://api.groq.com/openai/v1/chat/completions'\nFor more information check: https://developer.mozilla.org/en-US/docs/Web/HTTP/Status/429" provider=groq rate_limited=True
2026-05-15T05:34:46.110175Z [warning  ] llm.provider_exhausted         provider=groq
2026-05-15T05:34:46.110175Z [warning  ] contextual chunk generation fell back to heuristic error="All providers in chain ['gemini', 'groq'] failed; last error: Client error '429 Too Many Requests' for url 'https://api.groq.com/openai/v1/chat/completions'\nFor more information check: https://developer.mozilla.org/en-US/docs/Web/HTTP/Status/429"
2026-05-15T05:35:23.659621Z [info     ] llm.gemini_key_exhausted_trying_fallback error='429 You exceeded your current quota, please check your plan and billing details. For more information on this error, head to: https://ai.goo'
2026-05-15T05:35:23.663644Z [info     ] llm.gemini_key_exhausted_trying_fallback error='429 You exceeded your current quota, please check your plan and billing details. For more information on this error, head to: https://ai.goo'
2026-05-15T05:35:23.704973Z [info     ] llm.gemini_key_exhausted_trying_fallback error='429 You exceeded your current quota, please check your plan and billing details. For more information on this error, head to: https://ai.goo'
2026-05-15T05:35:24.002911Z [info     ] llm.gemini_key_exhausted_trying_fallback error='429 You exceeded your current quota, please check your plan and billing details. For more information on this error, head to: https://ai.goo'
2026-05-15T05:35:24.002911Z [info     ] llm.gemini_key_exhausted_trying_fallback error='429 You exceeded your current quota, please check your plan and billing details. For more information on this error, head to: https://ai.goo'
2026-05-15T05:35:24.048264Z [info     ] llm.gemini_key_exhausted_trying_fallback error='429 You exceeded your current quota, please check your plan and billing details. For more information on this error, head to: https://ai.goo'
2026-05-15T05:35:24.048264Z [info     ] llm.gemini_key_exhausted_trying_fallback error='429 You exceeded your current quota, please check your plan and billing details. For more information on this error, head to: https://ai.goo'
2026-05-15T05:35:24.124874Z [info     ] llm.gemini_key_exhausted_trying_fallback error='429 You exceeded your current quota, please check your plan and billing details. For more information on this error, head to: https://ai.goo'
2026-05-15T05:35:24.667364Z [info     ] llm.gemini_key_exhausted_trying_fallback error='429 You exceeded your current quota, please check your plan and billing details. For more information on this error, head to: https://ai.goo'
2026-05-15T05:35:24.669389Z [warning  ] llm.provider_failed            attempt=1 error='429 You exceeded your current quota, please check your plan and billing details. For more information on this error, head to: https://ai.google.dev/gemini-api/docs/rate-limits. To monitor your current' provider=gemini rate_limited=True
2026-05-15T05:35:24.669389Z [warning  ] llm.provider_exhausted         provider=gemini
2026-05-15T05:35:25.758379Z [info     ] llm.gemini_key_exhausted_trying_fallback error='429 You exceeded your current quota, please check your plan and billing details. For more information on this error, head to: https://ai.goo'
2026-05-15T05:35:25.758379Z [warning  ] llm.provider_failed            attempt=1 error='429 You exceeded your current quota, please check your plan and billing details. For more information on this error, head to: https://ai.google.dev/gemini-api/docs/rate-limits. To monitor your current' provider=gemini rate_limited=True
2026-05-15T05:35:25.760393Z [warning  ] llm.provider_exhausted         provider=gemini
2026-05-15T05:35:26.710488Z [info     ] llm.gemini_key_exhausted_trying_fallback error='429 You exceeded your current quota, please check your plan and billing details. For more information on this error, head to: https://ai.goo'
2026-05-15T05:35:26.710488Z [warning  ] llm.provider_failed            attempt=1 error='429 You exceeded your current quota, please check your plan and billing details. For more information on this error, head to: https://ai.google.dev/gemini-api/docs/rate-limits. To monitor your current' provider=gemini rate_limited=True
2026-05-15T05:35:26.710488Z [warning  ] llm.provider_exhausted         provider=gemini
2026-05-15T05:35:27.721691Z [info     ] llm.gemini_key_exhausted_trying_fallback error='429 You exceeded your current quota, please check your plan and billing details. For more information on this error, head to: https://ai.goo'
2026-05-15T05:35:27.721691Z [warning  ] llm.provider_failed            attempt=1 error='429 You exceeded your current quota, please check your plan and billing details. For more information on this error, head to: https://ai.google.dev/gemini-api/docs/rate-limits. To monitor your current' provider=gemini rate_limited=True
2026-05-15T05:35:27.721691Z [warning  ] llm.provider_exhausted         provider=gemini
2026-05-15T05:35:28.699891Z [info     ] llm.gemini_key_exhausted_trying_fallback error='429 You exceeded your current quota, please check your plan and billing details. For more information on this error, head to: https://ai.goo'
2026-05-15T05:35:28.699891Z [warning  ] llm.provider_failed            attempt=1 error='429 You exceeded your current quota, please check your plan and billing details. For more information on this error, head to: https://ai.google.dev/gemini-api/docs/rate-limits. To monitor your current' provider=gemini rate_limited=True
2026-05-15T05:35:28.701574Z [warning  ] llm.provider_exhausted         provider=gemini
2026-05-15T05:35:29.755193Z [info     ] llm.gemini_key_exhausted_trying_fallback error='429 You exceeded your current quota, please check your plan and billing details. For more information on this error, head to: https://ai.goo'
2026-05-15T05:35:29.757205Z [warning  ] llm.provider_failed            attempt=1 error='429 You exceeded your current quota, please check your plan and billing details. For more information on this error, head to: https://ai.google.dev/gemini-api/docs/rate-limits. To monitor your current' provider=gemini rate_limited=True
2026-05-15T05:35:29.757205Z [warning  ] llm.provider_exhausted         provider=gemini
2026-05-15T05:35:30.745972Z [info     ] llm.gemini_key_exhausted_trying_fallback error='429 You exceeded your current quota, please check your plan and billing details. For more information on this error, head to: https://ai.goo'
2026-05-15T05:35:30.745972Z [warning  ] llm.provider_failed            attempt=1 error='429 You exceeded your current quota, please check your plan and billing details. For more information on this error, head to: https://ai.google.dev/gemini-api/docs/rate-limits. To monitor your current' provider=gemini rate_limited=True
2026-05-15T05:35:30.747014Z [warning  ] llm.provider_exhausted         provider=gemini
2026-05-15T05:35:31.912023Z [info     ] llm.gemini_key_exhausted_trying_fallback error='429 You exceeded your current quota, please check your plan and billing details. For more information on this error, head to: https://ai.goo'
2026-05-15T05:35:31.912023Z [warning  ] llm.provider_failed            attempt=1 error='429 You exceeded your current quota, please check your plan and billing details. For more information on this error, head to: https://ai.google.dev/gemini-api/docs/rate-limits. To monitor your current' provider=gemini rate_limited=True
2026-05-15T05:35:31.912023Z [warning  ] llm.provider_exhausted         provider=gemini
2026-05-15T05:35:33.441704Z [warning  ] llm.provider_failed            attempt=1 error="Client error '429 Too Many Requests' for url 'https://api.groq.com/openai/v1/chat/completions'\nFor more information check: https://developer.mozilla.org/en-US/docs/Web/HTTP/Status/429" provider=groq rate_limited=True
2026-05-15T05:35:33.442273Z [warning  ] llm.provider_exhausted         provider=groq
2026-05-15T05:35:33.442273Z [warning  ] orchestrator.gemini_section_failed error="All providers in chain ['gemini', 'groq'] failed; last error: Client error '429 Too Many Requests' for url 'https://api.groq.com/openai/v1/chat/completions'\nFor more information check: https://developer.mozilla.org/en-US/docs/Web/HTTP/Status/429" fallback=offline section=s6_requirements_schedule_b_i
2026-05-15T05:35:33.474695Z [warning  ] llm.provider_failed            attempt=1 error="Client error '429 Too Many Requests' for url 'https://api.groq.com/openai/v1/chat/completions'\nFor more information check: https://developer.mozilla.org/en-US/docs/Web/HTTP/Status/429" provider=groq rate_limited=True
2026-05-15T05:35:33.474695Z [warning  ] llm.provider_exhausted         provider=groq
2026-05-15T05:35:33.476704Z [warning  ] orchestrator.gemini_section_failed error="All providers in chain ['gemini', 'groq'] failed; last error: Client error '429 Too Many Requests' for url 'https://api.groq.com/openai/v1/chat/completions'\nFor more information check: https://developer.mozilla.org/en-US/docs/Web/HTTP/Status/429" fallback=offline section=s7_exceptions_schedule_b_ii
2026-05-15T05:35:33.548080Z [warning  ] llm.provider_failed            attempt=1 error="Client error '429 Too Many Requests' for url 'https://api.groq.com/openai/v1/chat/completions'\nFor more information check: https://developer.mozilla.org/en-US/docs/Web/HTTP/Status/429" provider=groq rate_limited=True
[...]
2026-05-15T05:36:23.789829Z [warning  ] llm.provider_exhausted         provider=gemini
2026-05-15T05:36:25.329365Z [info     ] llm.gemini_key_exhausted_trying_fallback error='429 You exceeded your current quota, please check your plan and billing details. For more information on this error, head to: https://ai.goo'
2026-05-15T05:36:25.329365Z [warning  ] llm.provider_failed            attempt=1 error='429 You exceeded your current quota, please check your plan and billing details. For more information on this error, head to: https://ai.google.dev/gemini-api/docs/rate-limits. To monitor your current' provider=gemini rate_limited=True
2026-05-15T05:36:25.329365Z [warning  ] llm.provider_exhausted         provider=gemini
2026-05-15T05:36:27.108203Z [info     ] llm.gemini_key_exhausted_trying_fallback error='429 You exceeded your current quota, please check your plan and billing details. For more information on this error, head to: https://ai.goo'
2026-05-15T05:36:27.108203Z [warning  ] llm.provider_failed            attempt=1 error='429 You exceeded your current quota, please check your plan and billing details. For more information on this error, head to: https://ai.google.dev/gemini-api/docs/rate-limits. To monitor your current' provider=gemini rate_limited=True
2026-05-15T05:36:27.110212Z [warning  ] llm.provider_exhausted         provider=gemini
2026-05-15T05:36:28.479919Z [info     ] llm.gemini_key_exhausted_trying_fallback error='429 You exceeded your current quota, please check your plan and billing details. For more information on this error, head to: https://ai.goo'
2026-05-15T05:36:28.479919Z [warning  ] llm.provider_failed            attempt=1 error='429 You exceeded your current quota, please check your plan and billing details. For more information on this error, head to: https://ai.google.dev/gemini-api/docs/rate-limits. To monitor your current' provider=gemini rate_limited=True
2026-05-15T05:36:28.479919Z [warning  ] llm.provider_exhausted         provider=gemini
2026-05-15T05:36:30.646499Z [warning  ] llm.provider_failed            attempt=1 error="Client error '429 Too Many Requests' for url 'https://api.groq.com/openai/v1/chat/completions'\nFor more information check: https://developer.mozilla.org/en-US/docs/Web/HTTP/Status/429" provider=groq rate_limited=True
2026-05-15T05:36:30.646499Z [warning  ] llm.provider_exhausted         provider=groq
2026-05-15T05:36:30.646499Z [warning  ] orchestrator.gemini_section_failed error="All providers in chain ['gemini', 'groq'] failed; last error: Client error '429 Too Many Requests' for url 'https://api.groq.com/openai/v1/chat/completions'\nFor more information check: https://developer.mozilla.org/en-US/docs/Web/HTTP/Status/429" fallback=offline section=s5_easements_and_restrictions
2026-05-15T05:36:30.659898Z [warning  ] llm.provider_failed            attempt=1 error="Client error '429 Too Many Requests' for url 'https://api.groq.com/openai/v1/chat/completions'\nFor more information check: https://developer.mozilla.org/en-US/docs/Web/HTTP/Status/429" provider=groq rate_limited=True
2026-05-15T05:36:30.659898Z [warning  ] llm.provider_exhausted         provider=groq
2026-05-15T05:36:30.659898Z [warning  ] orchestrator.gemini_section_failed error="All providers in chain ['gemini', 'groq'] failed; last error: Client error '429 Too Many Requests' for url 'https://api.groq.com/openai/v1/chat/completions'\nFor more information check: https://developer.mozilla.org/en-US/docs/Web/HTTP/Status/429" fallback=offline section=s8_taxes_and_survey_matters
2026-05-15T05:36:30.693594Z [warning  ] llm.provider_failed            attempt=1 error="Client error '429 Too Many Requests' for url 'https://api.groq.com/openai/v1/chat/completions'\nFor more information check: https://developer.mozilla.org/en-US/docs/Web/HTTP/Status/429" provider=groq rate_limited=True
2026-05-15T05:36:30.695604Z [warning  ] llm.provider_exhausted         provider=groq
2026-05-15T05:36:30.695604Z [warning  ] orchestrator.gemini_section_failed error="All providers in chain ['gemini', 'groq'] failed; last error: Client error '429 Too Many Requests' for url 'https://api.groq.com/openai/v1/chat/completions'\nFor more information check: https://developer.mozilla.org/en-US/docs/Web/HTTP/Status/429" fallback=offline section=s7_exceptions_schedule_b_ii
2026-05-15T05:36:30.697619Z [warning  ] llm.provider_failed            attempt=1 error="Client error '429 Too Many Requests' for url 'https://api.groq.com/openai/v1/chat/completions'\nFor more information check: https://developer.mozilla.org/en-US/docs/Web/HTTP/Status/429" provider=groq rate_limited=True
2026-05-15T05:36:30.697619Z [warning  ] llm.provider_exhausted         provider=groq
2026-05-15T05:36:30.697619Z [warning  ] orchestrator.gemini_section_failed error="All providers in chain ['gemini', 'groq'] failed; last error: Client error '429 Too Many Requests' for url 'https://api.groq.com/openai/v1/chat/completions'\nFor more information check: https://developer.mozilla.org/en-US/docs/Web/HTTP/Status/429" fallback=offline section=s4_open_encumbrances_and_liens
2026-05-15T05:36:30.771721Z [warning  ] llm.provider_failed            attempt=1 error="Client error '429 Too Many Requests' for url 'https://api.groq.com/openai/v1/chat/completions'\nFor more information check: https://developer.mozilla.org/en-US/docs/Web/HTTP/Status/429" provider=groq rate_limited=True
2026-05-15T05:36:30.772718Z [warning  ] llm.provider_exhausted         provider=groq
2026-05-15T05:36:30.773718Z [warning  ] orchestrator.gemini_section_failed error="All providers in chain ['gemini', 'groq'] failed; last error: Client error '429 Too Many Requests' for url 'https://api.groq.com/openai/v1/chat/completions'\nFor more information check: https://developer.mozilla.org/en-US/docs/Web/HTTP/Status/429" fallback=offline section=s2_legal_description
2026-05-15T05:36:30.829508Z [warning  ] llm.provider_failed            attempt=1 error="Client error '429 Too Many Requests' for url 'https://api.groq.com/openai/v1/chat/completions'\nFor more information check: https://developer.mozilla.org/en-US/docs/Web/HTTP/Status/429" provider=groq rate_limited=True
2026-05-15T05:36:30.831480Z [warning  ] llm.provider_exhausted         provider=groq
2026-05-15T05:36:30.832586Z [warning  ] orchestrator.gemini_section_failed error="All providers in chain ['gemini', 'groq'] failed; last error: Client error '429 Too Many Requests' for url 'https://api.groq.com/openai/v1/chat/completions'\nFor more information check: https://developer.mozilla.org/en-US/docs/Web/HTTP/Status/429" fallback=offline section=s1_vesting_and_estate
2026-05-15T05:36:30.877985Z [warning  ] llm.provider_failed            attempt=1 error="Client error '429 Too Many Requests' for url 'https://api.groq.com/openai/v1/chat/completions'\nFor more information check: https://developer.mozilla.org/en-US/docs/Web/HTTP/Status/429" provider=groq rate_limited=True
2026-05-15T05:36:30.877985Z [warning  ] llm.provider_exhausted         provider=groq
2026-05-15T05:36:30.877985Z [warning  ] orchestrator.gemini_section_failed error="All providers in chain ['gemini', 'groq'] failed; last error: Client error '429 Too Many Requests' for url 'https://api.groq.com/openai/v1/chat/completions'\nFor more information check: https://developer.mozilla.org/en-US/docs/Web/HTTP/Status/429" fallback=offline section=s3_chain_of_title
2026-05-15T05:36:30.917560Z [info     ] draft.section_provider_used    model=llama-3.3-70b-versatile provider=groq section=s6_requirements_schedule_b_i
------------------------------ Captured log call ------------------------------
WARNING  langfuse:client.py:298 Authentication error: Langfuse client initialized without public_key. Client will be disabled. Provide a public_key parameter or set LANGFUSE_PUBLIC_KEY environment variable. 
WARNING  langfuse:client.py:298 Authentication error: Langfuse client initialized without public_key. Client will be disabled. Provide a public_key parameter or set LANGFUSE_PUBLIC_KEY environment variable. 
WARNING  langfuse:client.py:298 Authentication error: Langfuse client initialized without public_key. Client will be disabled. Provide a public_key parameter or set LANGFUSE_PUBLIC_KEY environment variable. 
WARNING  langfuse:client.py:298 Authentication error: Langfuse client initialized without public_key. Client will be disabled. Provide a public_key parameter or set LANGFUSE_PUBLIC_KEY environment variable. 
WARNING  langfuse:client.py:298 Authentication error: Langfuse client initialized without public_key. Client will be disabled. Provide a public_key parameter or set LANGFUSE_PUBLIC_KEY environment variable. 
WARNING  langfuse:client.py:298 Authentication error: Langfuse client initialized without public_key. Client will be disabled. Provide a public_key parameter or set LANGFUSE_PUBLIC_KEY environment variable. 
WARNING  langfuse:client.py:298 Authentication error: Langfuse client initialized without public_key. Client will be disabled. Provide a public_key parameter or set LANGFUSE_PUBLIC_KEY environment variable. 
WARNING  langfuse:client.py:298 Authentication error: Langfuse client initialized without public_key. Client will be disabled. Provide a public_key parameter or set LANGFUSE_PUBLIC_KEY environment variable. 
WARNING  langfuse:client.py:298 Authentication error: Langfuse client initialized without public_key. Client will be disabled. Provide a public_key parameter or set LANGFUSE_PUBLIC_KEY environment variable. 
WARNING  langfuse:client.py:298 Authentication error: Langfuse client initialized without public_key. Client will be disabled. Provide a public_key parameter or set LANGFUSE_PUBLIC_KEY environment variable. 
WARNING  langfuse:client.py:298 Authentication error: Langfuse client initialized without public_key. Client will be disabled. Provide a public_key parameter or set LANGFUSE_PUBLIC_KEY environment variable. 
WARNING  langfuse:client.py:298 Authentication error: Langfuse client initialized without public_key. Client will be disabled. Provide a public_key parameter or set LANGFUSE_PUBLIC_KEY environment variable. 
WARNING  langfuse:client.py:298 Authentication error: Langfuse client initialized without public_key. Client will be disabled. Provide a public_key parameter or set LANGFUSE_PUBLIC_KEY environment variable. 
WARNING  langfuse:client.py:298 Authentication error: Langfuse client initialized without public_key. Client will be disabled. Provide a public_key parameter or set LANGFUSE_PUBLIC_KEY environment variable. 
WARNING  langfuse:client.py:298 Authentication error: Langfuse client initialized without public_key. Client will be disabled. Provide a public_key parameter or set LANGFUSE_PUBLIC_KEY environment variable. 
WARNING  langfuse:client.py:298 Authentication error: Langfuse client initialized without public_key. Client will be disabled. Provide a public_key parameter or set LANGFUSE_PUBLIC_KEY environment variable. 
WARNING  langfuse:client.py:298 Authentication error: Langfuse client initialized without public_key. Client will be disabled. Provide a public_key parameter or set LANGFUSE_PUBLIC_KEY environment variable. 
WARNING  langfuse:client.py:298 Authentication error: Langfuse client initialized without public_key. Client will be disabled. Provide a public_key parameter or set LANGFUSE_PUBLIC_KEY environment variable. 
WARNING  langfuse:client.py:298 Authentication error: Langfuse client initialized without public_key. Client will be disabled. Provide a public_key parameter or set LANGFUSE_PUBLIC_KEY environment variable. 
WARNING  langfuse:client.py:298 Authentication error: Langfuse client initialized without public_key. Client will be disabled. Provide a public_key parameter or set LANGFUSE_PUBLIC_KEY environment variable. 
WARNING  langfuse:client.py:298 Authentication error: Langfuse client initialized without public_key. Client will be disabled. Provide a public_key parameter or set LANGFUSE_PUBLIC_KEY environment variable. 
WARNING  langfuse:client.py:298 Authentication error: Langfuse client initialized without public_key. Client will be disabled. Provide a public_key parameter or set LANGFUSE_PUBLIC_KEY environment variable. 
WARNING  langfuse:client.py:298 Authentication error: Langfuse client initialized without public_key. Client will be disabled. Provide a public_key parameter or set LANGFUSE_PUBLIC_KEY environment variable. 
WARNING  langfuse:client.py:298 Authentication error: Langfuse client initialized without public_key. Client will be disabled. Provide a public_key parameter or set LANGFUSE_PUBLIC_KEY environment variable. 
WARNING  langfuse:client.py:298 Authentication error: Langfuse client initialized without public_key. Client will be disabled. Provide a public_key parameter or set LANGFUSE_PUBLIC_KEY environment variable. 
WARNING  langfuse:client.py:298 Authentication error: Langfuse client initialized without public_key. Client will be disabled. Provide a public_key parameter or set LANGFUSE_PUBLIC_KEY environment variable. 
WARNING  langfuse:client.py:298 Authentication error: Langfuse client initialized without public_key. Client will be disabled. Provide a public_key parameter or set LANGFUSE_PUBLIC_KEY environment variable. 
WARNING  langfuse:client.py:298 Authentication error: Langfuse client initialized without public_key. Client will be disabled. Provide a public_key parameter or set LANGFUSE_PUBLIC_KEY environment variable. 
WARNING  langfuse:client.py:298 Authentication error: Langfuse client initialized without public_key. Client will be disabled. Provide a public_key parameter or set LANGFUSE_PUBLIC_KEY environment variable. 
WARNING  langfuse:client.py:298 Authentication error: Langfuse client initialized without public_key. Client will be disabled. Provide a public_key parameter or set LANGFUSE_PUBLIC_KEY environment variable. 
WARNING  langfuse:client.py:298 Authentication error: Langfuse client initialized without public_key. Client will be disabled. Provide a public_key parameter or set LANGFUSE_PUBLIC_KEY environment variable. 
WARNING  langfuse:client.py:298 Authentication error: Langfuse client initialized without public_key. Client will be disabled. Provide a public_key parameter or set LANGFUSE_PUBLIC_KEY environment variable. 
WARNING  langfuse:client.py:298 Authentication error: Langfuse client initialized without public_key. Client will be disabled. Provide a public_key parameter or set LANGFUSE_PUBLIC_KEY environment variable. 
WARNING  langfuse:client.py:298 Authentication error: Langfuse client initialized without public_key. Client will be disabled. Provide a public_key parameter or set LANGFUSE_PUBLIC_KEY environment variable. 
WARNING  langfuse:client.py:298 Authentication error: Langfuse client initialized without public_key. Client will be disabled. Provide a public_key parameter or set LANGFUSE_PUBLIC_KEY environment variable. 
WARNING  langfuse:client.py:298 Authentication error: Langfuse client initialized without public_key. Client will be disabled. Provide a public_key parameter or set LANGFUSE_PUBLIC_KEY environment variable. 
WARNING  langfuse:client.py:298 Authentication error: Langfuse client initialized without public_key. Client will be disabled. Provide a public_key parameter or set LANGFUSE_PUBLIC_KEY environment variable. 
WARNING  langfuse:client.py:298 Authentication error: Langfuse client initialized without public_key. Client will be disabled. Provide a public_key parameter or set LANGFUSE_PUBLIC_KEY environment variable. 
WARNING  langfuse:client.py:298 Authentication error: Langfuse client initialized without public_key. Client will be disabled. Provide a public_key parameter or set LANGFUSE_PUBLIC_KEY environment variable. 
WARNING  langfuse:client.py:298 Authentication error: Langfuse client initialized without public_key. Client will be disabled. Provide a public_key parameter or set LANGFUSE_PUBLIC_KEY environment variable. 
WARNING  langfuse:client.py:298 Authentication error: Langfuse client initialized without public_key. Client will be disabled. Provide a public_key parameter or set LANGFUSE_PUBLIC_KEY environment variable. 
WARNING  langfuse:client.py:298 Authentication error: Langfuse client initialized without public_key. Client will be disabled. Provide a public_key parameter or set LANGFUSE_PUBLIC_KEY environment variable. 
WARNING  langfuse:client.py:298 Authentication error: Langfuse client initialized without public_key. Client will be disabled. Provide a public_key parameter or set LANGFUSE_PUBLIC_KEY environment variable. 
WARNING  langfuse:client.py:298 Authentication error: Langfuse client initialized without public_key. Client will be disabled. Provide a public_key parameter or set LANGFUSE_PUBLIC_KEY environment variable. 
WARNING  langfuse:client.py:298 Authentication error: Langfuse client initialized without public_key. Client will be disabled. Provide a public_key parameter or set LANGFUSE_PUBLIC_KEY environment variable. 
WARNING  langfuse:client.py:298 Authentication error: Langfuse client initialized without public_key. Client will be disabled. Provide a public_key parameter or set LANGFUSE_PUBLIC_KEY environment variable. 
WARNING  langfuse:client.py:298 Authentication error: Langfuse client initialized without public_key. Client will be disabled. Provide a public_key parameter or set LANGFUSE_PUBLIC_KEY environment variable. 
WARNING  langfuse:client.py:298 Authentication error: Langfuse client initialized without public_key. Client will be disabled. Provide a public_key parameter or set LANGFUSE_PUBLIC_KEY environment variable. 
WARNING  langfuse:client.py:298 Authentication error: Langfuse client initialized without public_key. Client will be disabled. Provide a public_key parameter or set LANGFUSE_PUBLIC_KEY environment variable. 
WARNING  langfuse:client.py:298 Authentication error: Langfuse client initialized without public_key. Client will be disabled. Provide a public_key parameter or set LANGFUSE_PUBLIC_KEY environment variable. 
WARNING  langfuse:client.py:298 Authentication error: Langfuse client initialized without public_key. Client will be disabled. Provide a public_key parameter or set LANGFUSE_PUBLIC_KEY environment variable. 
WARNING  langfuse:client.py:298 Authentication error: Langfuse client initialized without public_key. Client will be disabled. Provide a public_key parameter or set LANGFUSE_PUBLIC_KEY environment variable. 
WARNING  langfuse:client.py:298 Authentication error: Langfuse client initialized without public_key. Client will be disabled. Provide a public_key parameter or set LANGFUSE_PUBLIC_KEY environment variable. 
WARNING  langfuse:client.py:298 Authentication error: Langfuse client initialized without public_key. Client will be disabled. Provide a public_key parameter or set LANGFUSE_PUBLIC_KEY environment variable.
============================== warnings summary ===============================
tests/test_eval.py::test_run_eval_writes_results_files
  F:\Projects\SpecterAIEngr\titan\llm_client.py:145: FutureWarning: 
  
  All support for the `google.generativeai` package has ended. It will no longer be receiving 
  updates or bug fixes. Please switch to the `google.genai` package as soon as possible.
  See README for more details:
  
  https://github.com/google-gemini/deprecated-generative-ai-python/blob/main/README.md
  
    import google.generativeai as genai  # type: ignore[import-untyped]

-- Docs: https://docs.pytest.org/en/stable/how-to/capture-warnings.html
=========================== short test summary info ===========================
FAILED tests/test_eval.py::test_run_eval_writes_results_files - assert 0.0 > 0.0
============= 1 failed, 14 passed, 1 warning in 331.39s (0:05:31) =============
